<?xml version="1.0" encoding="UTF-8"?>
<!-- Generated by org.testng.reporters.JUnitXMLReporter -->
<testsuite hostname="DESKTOP-I4G8KUF" ignored="0" name="Test2"
	tests="12" failures="0" timestamp="12 Sep 2019 05:34:48 GMT"
	time="0.183" errors="0">
	<testcase name="m1" time="0.005"
		classname="com.scp.java.business.logic.YFunTest" />
	<testcase name="m11" time="0.002"
		classname="com.scp.java.business.logic.YFunTest" />
	<testcase name="m111" time="0.002"
		classname="com.scp.java.business.logic.YFunTest" />
	<testcase name="m2" time="0.002"
		classname="com.scp.java.business.logic.YFunTest" />
	<testcase name="m22" time="0.004"
		classname="com.scp.java.business.logic.YFunTest" />
	<testcase name="m222" time="0.018"
		classname="com.scp.java.business.logic.YFunTest" />
	<testcase name="m3" time="0.029"
		classname="com.scp.java.business.logic.YFunTest" />
	<testcase name="m33" time="0.004"
		classname="com.scp.java.business.logic.YFunTest" />
	<testcase name="m331" time="0.003"
		classname="com.scp.java.business.logic.YFunTest" />
	<testcase name="m1" time="0.002"
		classname="com.scp.java.business.logic.LoginTest" />
	<testcase name="m2" time="0.001"
		classname="com.scp.java.business.logic.LoginTest" />
	<testcase name="m3" time="0.002"
		classname="com.scp.java.business.logic.LoginTest" />
</testsuite> <!-- Test2 -->
