<?xml version="1.0" encoding="UTF-8"?>
<!-- Generated by org.testng.reporters.JUnitXMLReporter -->
<testsuite hostname="PrashantPC" ignored="5" name="Default test" tests="8" failures="0" timestamp="2019-10-07T18:01:46 IST" time="0.149" errors="0">
  <testcase name="m1" time="0.016" classname="com.scp.java.business.logic.XFunTest"/>
  <testcase name="m1" time="0.002" classname="com.scp.java.business.logic.XFunTest"/>
  <testcase name="m1" time="0.002" classname="com.scp.java.business.logic.XFunTest"/>
  <testcase name="m1" time="0.001" classname="com.scp.java.business.logic.XFunTest"/>
  <testcase name="m1" time="0.002" classname="com.scp.java.business.logic.XFunTest"/>
  <testcase name="m1" time="0.002" classname="com.scp.java.business.logic.XFunTest"/>
  <testcase name="m1" time="0.002" classname="com.scp.java.business.logic.XFunTest"/>
  <testcase name="m1" time="0.001" classname="com.scp.java.business.logic.XFunTest"/>
  <testcase name="m3" time="0.0" classname="com.scp.java.business.logic.XFunTest">
    <ignored/>
  </testcase> <!-- m3 -->
  <testcase name="m2" time="0.0" classname="com.scp.java.business.logic.XFunTest">
    <ignored/>
  </testcase> <!-- m2 -->
  <testcase name="m11" time="0.0" classname="com.scp.java.business.logic.XFunTest">
    <ignored/>
  </testcase> <!-- m11 -->
  <testcase name="m22" time="0.0" classname="com.scp.java.business.logic.XFunTest">
    <ignored/>
  </testcase> <!-- m22 -->
  <testcase name="m33" time="0.0" classname="com.scp.java.business.logic.XFunTest">
    <ignored/>
  </testcase> <!-- m33 -->
</testsuite> <!-- Default test -->
